::1 - - [03/Feb/2024:09:49:33 +0200] "GET / HTTP/1.1" 200 2428
::1 - - [03/Feb/2024:09:49:33 +0200] "GET /favicon.ico HTTP/1.1" 404 296
::1 - - [03/Feb/2024:14:23:11 +0200] "GET / HTTP/1.1" 200 2443
::1 - - [03/Feb/2024:14:23:11 +0200] "GET /favicon.ico HTTP/1.1" 404 296
::1 - - [03/Feb/2024:14:28:11 +0200] "-" 408 -
::1 - - [03/Feb/2024:14:35:05 +0200] "GET / HTTP/1.1" 200 2448
::1 - - [03/Feb/2024:14:40:05 +0200] "-" 408 -
::1 - - [03/Feb/2024:17:36:29 +0200] "GET /phpmyadmin/ HTTP/1.1" 200 19450
::1 - - [03/Feb/2024:17:36:42 +0200] "GET /phpmyadmin/js/vendor/codemirror/lib/codemirror.css?v=5.2.1 HTTP/1.1" 200 8720
::1 - - [03/Feb/2024:17:36:42 +0200] "GET /phpmyadmin/themes/pmahomme/jquery/jquery-ui.css HTTP/1.1" 200 36566
::1 - - [03/Feb/2024:17:36:42 +0200] "GET /phpmyadmin/js/vendor/codemirror/addon/hint/show-hint.css?v=5.2.1 HTTP/1.1" 200 649
::1 - - [03/Feb/2024:17:36:42 +0200] "GET /phpmyadmin/themes/pmahomme/css/theme.css?v=5.2.1 HTTP/1.1" 200 357367
::1 - - [03/Feb/2024:17:36:42 +0200] "GET /phpmyadmin/js/vendor/codemirror/addon/lint/lint.css?v=5.2.1 HTTP/1.1" 200 3035
::1 - - [03/Feb/2024:17:36:42 +0200] "GET /phpmyadmin/js/vendor/sprintf.js?v=5.2.1 HTTP/1.1" 200 7409
::1 - - [03/Feb/2024:17:36:42 +0200] "GET /phpmyadmin/js/dist/ajax.js?v=5.2.1 HTTP/1.1" 200 29948
::1 - - [03/Feb/2024:17:36:42 +0200] "GET /phpmyadmin/js/vendor/jquery/jquery-migrate.min.js?v=5.2.1 HTTP/1.1" 200 13467
::1 - - [03/Feb/2024:17:36:42 +0200] "GET /phpmyadmin/js/dist/keyhandler.js?v=5.2.1 HTTP/1.1" 200 2059
::1 - - [03/Feb/2024:17:36:42 +0200] "GET /phpmyadmin/js/dist/name-conflict-fixes.js?v=5.2.1 HTTP/1.1" 200 43
::1 - - [03/Feb/2024:17:36:42 +0200] "GET /phpmyadmin/js/vendor/jquery/jquery.min.js?v=5.2.1 HTTP/1.1" 200 89947
::1 - - [03/Feb/2024:17:36:42 +0200] "GET /phpmyadmin/js/vendor/js.cookie.js?v=5.2.1 HTTP/1.1" 200 3883
::1 - - [03/Feb/2024:17:36:42 +0200] "GET /phpmyadmin/js/vendor/bootstrap/bootstrap.bundle.min.js?v=5.2.1 HTTP/1.1" 200 80420
::1 - - [03/Feb/2024:17:36:42 +0200] "GET /phpmyadmin/js/vendor/jquery/jquery.debounce-1.0.6.js?v=5.2.1 HTTP/1.1" 200 1608
::1 - - [03/Feb/2024:17:36:42 +0200] "GET /phpmyadmin/js/vendor/jquery/jquery.validate.min.js?v=5.2.1 HTTP/1.1" 200 24601
::1 - - [03/Feb/2024:17:36:42 +0200] "GET /phpmyadmin/js/dist/cross_framing_protection.js?v=5.2.1 HTTP/1.1" 200 405
::1 - - [03/Feb/2024:17:36:42 +0200] "GET /phpmyadmin/js/vendor/jquery/jquery-ui-timepicker-addon.js?v=5.2.1 HTTP/1.1" 200 78475
::1 - - [03/Feb/2024:17:36:42 +0200] "GET /phpmyadmin/js/dist/menu_resizer.js?v=5.2.1 HTTP/1.1" 200 5729
::1 - - [03/Feb/2024:17:36:42 +0200] "GET /phpmyadmin/js/dist/config.js?v=5.2.1 HTTP/1.1" 200 24059
::1 - - [03/Feb/2024:17:36:42 +0200] "GET /phpmyadmin/js/dist/doclinks.js?v=5.2.1 HTTP/1.1" 200 18276
::1 - - [03/Feb/2024:17:36:42 +0200] "GET /phpmyadmin/js/dist/navigation.js?v=5.2.1 HTTP/1.1" 200 51830
::1 - - [03/Feb/2024:17:36:42 +0200] "GET /phpmyadmin/js/dist/functions.js?v=5.2.1 HTTP/1.1" 200 148069
::1 - - [03/Feb/2024:17:36:42 +0200] "GET /phpmyadmin/js/dist/common.js?v=5.2.1 HTTP/1.1" 200 4530
::1 - - [03/Feb/2024:17:36:42 +0200] "GET /phpmyadmin/js/dist/indexes.js?v=5.2.1 HTTP/1.1" 200 26962
::1 - - [03/Feb/2024:17:36:42 +0200] "GET /phpmyadmin/js/dist/page_settings.js?v=5.2.1 HTTP/1.1" 200 1818
::1 - - [03/Feb/2024:17:36:42 +0200] "GET /phpmyadmin/js/vendor/jquery/jquery-ui.min.js?v=5.2.1 HTTP/1.1" 200 255084
::1 - - [03/Feb/2024:17:36:42 +0200] "GET /phpmyadmin/js/dist/home.js?v=5.2.1 HTTP/1.1" 200 5275
::1 - - [03/Feb/2024:17:36:42 +0200] "GET /phpmyadmin/js/vendor/codemirror/mode/sql/sql.js?v=5.2.1 HTTP/1.1" 200 59564
::1 - - [03/Feb/2024:17:36:42 +0200] "GET /phpmyadmin/js/vendor/codemirror/addon/runmode/runmode.js?v=5.2.1 HTTP/1.1" 200 2777
::1 - - [03/Feb/2024:17:36:42 +0200] "GET /phpmyadmin/js/vendor/codemirror/addon/hint/sql-hint.js?v=5.2.1 HTTP/1.1" 200 9560
::1 - - [03/Feb/2024:17:36:42 +0200] "GET /phpmyadmin/js/vendor/codemirror/addon/hint/show-hint.js?v=5.2.1 HTTP/1.1" 200 19792
::1 - - [03/Feb/2024:17:36:42 +0200] "GET /phpmyadmin/js/dist/codemirror/addon/lint/sql-lint.js?v=5.2.1 HTTP/1.1" 200 940
::1 - - [03/Feb/2024:17:36:42 +0200] "GET /phpmyadmin/js/vendor/codemirror/addon/lint/lint.js?v=5.2.1 HTTP/1.1" 200 9987
::1 - - [03/Feb/2024:17:36:42 +0200] "GET /phpmyadmin/js/vendor/tracekit.js?v=5.2.1 HTTP/1.1" 200 47128
::1 - - [03/Feb/2024:17:36:42 +0200] "GET /phpmyadmin/js/dist/error_report.js?v=5.2.1 HTTP/1.1" 200 9264
::1 - - [03/Feb/2024:17:36:42 +0200] "GET /phpmyadmin/js/dist/shortcuts_handler.js?v=5.2.1 HTTP/1.1" 200 3303
::1 - - [03/Feb/2024:17:36:42 +0200] "GET /phpmyadmin/js/dist/drag_drop_import.js?v=5.2.1 HTTP/1.1" 200 12431
::1 - - [03/Feb/2024:17:36:42 +0200] "GET /phpmyadmin/themes/pmahomme/img/logo_left.png HTTP/1.1" 200 2713
::1 - - [03/Feb/2024:17:36:42 +0200] "GET /phpmyadmin/themes/dot.gif HTTP/1.1" 200 43
::1 - - [03/Feb/2024:17:36:42 +0200] "GET /phpmyadmin/js/vendor/codemirror/lib/codemirror.js?v=5.2.1 HTTP/1.1" 200 401653
::1 - - [03/Feb/2024:17:36:42 +0200] "GET /phpmyadmin/js/dist/console.js?v=5.2.1 HTTP/1.1" 200 49548
::1 - - [03/Feb/2024:17:36:42 +0200] "GET /phpmyadmin/js/messages.php?l=ru&v=5.2.1&lang=ru HTTP/1.1" 200 12854
::1 - - [03/Feb/2024:17:36:42 +0200] "GET /phpmyadmin/themes/pmahomme/img/b_home.png HTTP/1.1" 200 734
::1 - - [03/Feb/2024:17:36:42 +0200] "GET /phpmyadmin/themes/pmahomme/img/s_cog.png HTTP/1.1" 200 442
::1 - - [03/Feb/2024:17:36:42 +0200] "GET /phpmyadmin/themes/pmahomme/img/b_sqlhelp.png HTTP/1.1" 200 512
::1 - - [03/Feb/2024:17:36:42 +0200] "GET /phpmyadmin/themes/pmahomme/img/b_docs.png HTTP/1.1" 200 705
::1 - - [03/Feb/2024:17:36:42 +0200] "GET /phpmyadmin/themes/pmahomme/img/s_loggoff.png HTTP/1.1" 200 626
::1 - - [03/Feb/2024:17:36:42 +0200] "GET /phpmyadmin/themes/pmahomme/img/s_reload.png HTTP/1.1" 200 527
::1 - - [03/Feb/2024:17:36:42 +0200] "GET /phpmyadmin/themes/pmahomme/img/s_collapseall.png HTTP/1.1" 200 143
::1 - - [03/Feb/2024:17:36:42 +0200] "GET /phpmyadmin/themes/pmahomme/img/s_link.png HTTP/1.1" 200 280
::1 - - [03/Feb/2024:17:36:42 +0200] "GET /phpmyadmin/themes/pmahomme/img/b_plus.png HTTP/1.1" 200 143
::1 - - [03/Feb/2024:17:36:42 +0200] "GET /phpmyadmin/themes/pmahomme/img/s_host.png HTTP/1.1" 200 591
::1 - - [03/Feb/2024:17:36:42 +0200] "GET /phpmyadmin/themes/pmahomme/img/b_sql.png HTTP/1.1" 200 680
::1 - - [03/Feb/2024:17:36:42 +0200] "GET /phpmyadmin/themes/pmahomme/img/b_newdb.png HTTP/1.1" 200 585
::1 - - [03/Feb/2024:17:36:42 +0200] "GET /phpmyadmin/themes/pmahomme/img/s_db.png HTTP/1.1" 200 328
::1 - - [03/Feb/2024:17:36:42 +0200] "GET /phpmyadmin/themes/pmahomme/img/s_status.png HTTP/1.1" 200 600
::1 - - [03/Feb/2024:17:36:42 +0200] "GET /phpmyadmin/themes/pmahomme/img/s_rights.png HTTP/1.1" 200 461
::1 - - [03/Feb/2024:17:36:42 +0200] "GET /phpmyadmin/themes/pmahomme/img/b_tblops.png HTTP/1.1" 200 537
::1 - - [03/Feb/2024:17:36:42 +0200] "GET /phpmyadmin/themes/pmahomme/img/b_export.png HTTP/1.1" 200 514
::1 - - [03/Feb/2024:17:36:42 +0200] "GET /phpmyadmin/themes/pmahomme/img/b_import.png HTTP/1.1" 200 556
::1 - - [03/Feb/2024:17:36:42 +0200] "GET /phpmyadmin/themes/pmahomme/img/s_replication.png HTTP/1.1" 200 399
::1 - - [03/Feb/2024:17:36:42 +0200] "GET /phpmyadmin/themes/pmahomme/img/s_vars.png HTTP/1.1" 200 523
::1 - - [03/Feb/2024:17:36:42 +0200] "GET /phpmyadmin/themes/pmahomme/img/s_asci.png HTTP/1.1" 200 148
::1 - - [03/Feb/2024:17:36:42 +0200] "GET /phpmyadmin/themes/pmahomme/img/b_help.png HTTP/1.1" 200 705
::1 - - [03/Feb/2024:17:36:42 +0200] "GET /phpmyadmin/themes/pmahomme/img/b_engine.png HTTP/1.1" 200 398
::1 - - [03/Feb/2024:17:36:42 +0200] "GET /phpmyadmin/themes/pmahomme/img/console.png HTTP/1.1" 200 292
::1 - - [03/Feb/2024:17:36:42 +0200] "GET /phpmyadmin/themes/pmahomme/img/s_lang.png HTTP/1.1" 200 659
::1 - - [03/Feb/2024:17:36:42 +0200] "GET /phpmyadmin/themes/pmahomme/img/s_top.png HTTP/1.1" 200 220
::1 - - [03/Feb/2024:17:36:42 +0200] "GET /phpmyadmin/themes/pmahomme/img/b_plugin.png HTTP/1.1" 200 512
::1 - - [03/Feb/2024:17:36:42 +0200] "GET /phpmyadmin/themes/pmahomme/img/s_theme.png HTTP/1.1" 200 772
::1 - - [03/Feb/2024:17:36:42 +0200] "GET /phpmyadmin/themes/pmahomme/img/window-new.png HTTP/1.1" 200 468
::1 - - [03/Feb/2024:17:36:42 +0200] "GET /phpmyadmin/themes/pmahomme/img/b_more.png HTTP/1.1" 200 111
::1 - - [03/Feb/2024:17:36:42 +0200] "GET /phpmyadmin/favicon.ico HTTP/1.1" 200 22486
::1 - - [03/Feb/2024:17:36:42 +0200] "POST /phpmyadmin/index.php?route=/navigation&ajax_request=1 HTTP/1.1" 200 2510
::1 - - [03/Feb/2024:17:36:42 +0200] "POST /phpmyadmin/index.php?route=/config/get HTTP/1.1" 200 1724
::1 - - [03/Feb/2024:17:36:42 +0200] "POST /phpmyadmin/index.php?route=/config/get HTTP/1.1" 200 1631
::1 - - [03/Feb/2024:17:36:42 +0200] "POST /phpmyadmin/index.php?route=/database/structure/favorite-table&ajax_request=1&favorite_table=1&sync_favorite_tables=1&lang=ru HTTP/1.1" 200 192
::1 - - [03/Feb/2024:17:36:42 +0200] "POST /phpmyadmin/index.php?route=/version-check HTTP/1.1" 200 64
::1 - - [03/Feb/2024:17:36:43 +0200] "POST /phpmyadmin/index.php?route=/config/set HTTP/1.1" 200 1622
::1 - - [09/Feb/2024:10:39:05 +0200] "GET / HTTP/1.1" 200 2448
::1 - - [09/Feb/2024:10:39:05 +0200] "GET /favicon.ico HTTP/1.1" 404 296
::1 - - [09/Feb/2024:10:44:05 +0200] "-" 408 -
::1 - - [09/Feb/2024:11:02:25 +0200] "GET / HTTP/1.1" 200 2448
::1 - - [09/Feb/2024:11:02:25 +0200] "GET /favicon.ico HTTP/1.1" 404 296
::1 - - [09/Feb/2024:11:11:41 +0200] "GET / HTTP/1.1" 200 2448
::1 - - [09/Feb/2024:11:16:41 +0200] "-" 408 -
::1 - - [09/Feb/2024:11:17:14 +0200] "GET / HTTP/1.1" 200 2448
::1 - - [09/Feb/2024:11:18:28 +0200] "GET / HTTP/1.1" 200 2448
::1 - - [09/Feb/2024:11:18:31 +0200] "GET / HTTP/1.1" 200 2448
::1 - - [09/Feb/2024:11:23:29 +0200] "GET / HTTP/1.1" 200 2448
::1 - - [09/Feb/2024:11:23:32 +0200] "GET / HTTP/1.1" 200 2448
::1 - - [09/Feb/2024:11:34:12 +0200] "GET / HTTP/1.1" 200 2448
::1 - - [09/Feb/2024:11:34:14 +0200] "GET / HTTP/1.1" 200 2448
::1 - - [09/Feb/2024:11:34:34 +0200] "GET / HTTP/1.1" 200 2448
::1 - - [09/Feb/2024:11:34:50 +0200] "GET / HTTP/1.1" 200 2444
::1 - - [09/Feb/2024:11:41:00 +0200] "GET / HTTP/1.1" 200 3025
::1 - - [09/Feb/2024:11:41:05 +0200] "GET /basics HTTP/1.1" 200 3039
::1 - - [09/Feb/2024:11:41:06 +0200] "GET /layout HTTP/1.1" 200 1370
::1 - - [09/Feb/2024:11:41:09 +0200] "GET /basics HTTP/1.1" 200 3039
::1 - - [09/Feb/2024:11:41:10 +0200] "GET / HTTP/1.1" 200 3025
::1 - - [09/Feb/2024:11:41:12 +0200] "GET /basics HTTP/1.1" 200 3039
::1 - - [09/Feb/2024:11:41:38 +0200] "GET /basics HTTP/1.1" 200 3039
::1 - - [09/Feb/2024:11:41:39 +0200] "GET / HTTP/1.1" 200 3420
::1 - - [09/Feb/2024:11:41:44 +0200] "GET /basics HTTP/1.1" 200 3039
::1 - - [09/Feb/2024:11:41:46 +0200] "GET / HTTP/1.1" 200 3420
::1 - - [09/Feb/2024:11:41:56 +0200] "GET /basics HTTP/1.1" 200 3039
::1 - - [09/Feb/2024:11:41:57 +0200] "GET / HTTP/1.1" 200 3420
::1 - - [09/Feb/2024:11:41:58 +0200] "GET /basics HTTP/1.1" 200 3039
::1 - - [09/Feb/2024:11:41:59 +0200] "GET / HTTP/1.1" 200 3420
::1 - - [09/Feb/2024:11:42:01 +0200] "GET /basics HTTP/1.1" 200 3039
::1 - - [09/Feb/2024:11:44:44 +0200] "GET /basics HTTP/1.1" 200 3039
::1 - - [09/Feb/2024:11:44:46 +0200] "GET / HTTP/1.1" 200 3420
::1 - - [09/Feb/2024:11:44:47 +0200] "GET /basics HTTP/1.1" 200 3039
::1 - - [09/Feb/2024:11:44:48 +0200] "GET /layout HTTP/1.1" 200 1370
::1 - - [09/Feb/2024:11:45:57 +0200] "GET /layout HTTP/1.1" 200 17
::1 - - [09/Feb/2024:11:46:03 +0200] "GET /layout HTTP/1.1" 200 17
::1 - - [09/Feb/2024:11:46:11 +0200] "GET /layout HTTP/1.1" 200 1370
::1 - - [09/Feb/2024:11:47:38 +0200] "GET /layout HTTP/1.1" 200 206
::1 - - [09/Feb/2024:11:48:44 +0200] "GET /layout HTTP/1.1" 200 206
::1 - - [09/Feb/2024:11:48:45 +0200] "GET /layout HTTP/1.1" 200 206
::1 - - [09/Feb/2024:11:48:49 +0200] "GET / HTTP/1.1" 200 206
::1 - - [09/Feb/2024:11:48:51 +0200] "GET / HTTP/1.1" 200 206
::1 - - [09/Feb/2024:11:49:01 +0200] "GET / HTTP/1.1" 200 206
::1 - - [09/Feb/2024:11:49:02 +0200] "GET / HTTP/1.1" 200 206
::1 - - [09/Feb/2024:11:49:02 +0200] "GET / HTTP/1.1" 200 206
::1 - - [09/Feb/2024:11:50:55 +0200] "GET / HTTP/1.1" 200 206
::1 - - [09/Feb/2024:11:51:28 +0200] "GET / HTTP/1.1" 200 206
::1 - - [09/Feb/2024:11:52:23 +0200] "GET / HTTP/1.1" 200 3491
::1 - - [09/Feb/2024:11:52:25 +0200] "GET /regexp HTTP/1.1" 200 1069
::1 - - [09/Feb/2024:11:52:26 +0200] "GET /layout HTTP/1.1" 200 1441
::1 - - [09/Feb/2024:11:52:27 +0200] "GET /basics HTTP/1.1" 200 3110
::1 - - [09/Feb/2024:11:52:28 +0200] "GET /layout HTTP/1.1" 200 1441
::1 - - [09/Feb/2024:11:52:28 +0200] "GET /regexp HTTP/1.1" 200 1069
::1 - - [09/Feb/2024:11:52:29 +0200] "GET /basics HTTP/1.1" 200 3110
::1 - - [09/Feb/2024:11:52:30 +0200] "GET /regexp HTTP/1.1" 200 1069
::1 - - [09/Feb/2024:11:52:30 +0200] "GET /layout HTTP/1.1" 200 1441
::1 - - [09/Feb/2024:11:52:31 +0200] "GET /basics HTTP/1.1" 200 3110
::1 - - [09/Feb/2024:11:52:32 +0200] "GET / HTTP/1.1" 200 3491
::1 - - [09/Feb/2024:11:52:34 +0200] "GET /regexp HTTP/1.1" 200 1069
::1 - - [09/Feb/2024:11:52:37 +0200] "GET /regexp HTTP/1.1" 200 1069
::1 - - [09/Feb/2024:11:52:42 +0200] "GET /layout HTTP/1.1" 200 1441
::1 - - [09/Feb/2024:11:52:43 +0200] "GET /basics HTTP/1.1" 200 3110
::1 - - [09/Feb/2024:11:53:28 +0200] "GET /basics HTTP/1.1" 200 3110
::1 - - [09/Feb/2024:11:53:31 +0200] "GET /regexp HTTP/1.1" 200 4813
::1 - - [09/Feb/2024:11:53:38 +0200] "GET /regexp HTTP/1.1" 200 4813
::1 - - [09/Feb/2024:11:53:49 +0200] "GET /regexp HTTP/1.1" 200 4805
::1 - - [09/Feb/2024:11:53:52 +0200] "GET /layout HTTP/1.1" 200 1441
::1 - - [09/Feb/2024:11:53:53 +0200] "GET /basics HTTP/1.1" 200 3110
::1 - - [09/Feb/2024:11:53:54 +0200] "GET /layout HTTP/1.1" 200 1441
::1 - - [09/Feb/2024:11:53:58 +0200] "GET /regexp HTTP/1.1" 200 4805
::1 - - [09/Feb/2024:11:53:59 +0200] "GET /basics HTTP/1.1" 200 3110
::1 - - [09/Feb/2024:11:54:00 +0200] "GET /regexp HTTP/1.1" 200 4805
::1 - - [09/Feb/2024:11:54:01 +0200] "GET /basics HTTP/1.1" 200 3110
::1 - - [09/Feb/2024:11:54:02 +0200] "GET /layout HTTP/1.1" 200 1441
::1 - - [09/Feb/2024:11:55:33 +0200] "GET /layout HTTP/1.1" 200 2852
::1 - - [09/Feb/2024:11:55:35 +0200] "GET /basics HTTP/1.1" 200 3110
::1 - - [09/Feb/2024:11:55:36 +0200] "GET /layout HTTP/1.1" 200 2852
::1 - - [09/Feb/2024:11:55:36 +0200] "GET /regexp HTTP/1.1" 200 4805
::1 - - [09/Feb/2024:11:55:38 +0200] "GET / HTTP/1.1" 200 3491
::1 - - [09/Feb/2024:11:55:41 +0200] "GET / HTTP/1.1" 200 3491
::1 - - [09/Feb/2024:11:56:06 +0200] "GET / HTTP/1.1" 200 3491
::1 - - [09/Feb/2024:11:56:07 +0200] "GET /basics HTTP/1.1" 200 3110
::1 - - [09/Feb/2024:11:56:08 +0200] "GET /layout HTTP/1.1" 200 2852
::1 - - [09/Feb/2024:11:56:09 +0200] "GET /regexp HTTP/1.1" 200 4805
::1 - - [09/Feb/2024:11:56:14 +0200] "GET /layout HTTP/1.1" 200 2852
::1 - - [09/Feb/2024:11:56:14 +0200] "GET /basics HTTP/1.1" 200 3110
::1 - - [09/Feb/2024:12:01:06 +0200] "-" 408 -
::1 - - [10/Feb/2024:07:14:14 +0200] "GET / HTTP/1.1" 200 3491
::1 - - [10/Feb/2024:07:14:14 +0200] "GET /favicon.ico HTTP/1.1" 200 22
::1 - - [10/Feb/2024:07:14:16 +0200] "GET /regexp HTTP/1.1" 200 4805
::1 - - [10/Feb/2024:07:14:16 +0200] "GET /favicon.ico HTTP/1.1" 200 22
::1 - - [10/Feb/2024:07:14:17 +0200] "GET /layout HTTP/1.1" 200 2852
::1 - - [10/Feb/2024:07:14:17 +0200] "GET /favicon.ico HTTP/1.1" 200 22
::1 - - [10/Feb/2024:07:14:18 +0200] "GET /basics HTTP/1.1" 200 3110
::1 - - [10/Feb/2024:07:14:18 +0200] "GET /favicon.ico HTTP/1.1" 200 22
::1 - - [10/Feb/2024:07:14:19 +0200] "GET /regexp HTTP/1.1" 200 4805
::1 - - [10/Feb/2024:07:14:19 +0200] "GET /favicon.ico HTTP/1.1" 200 22
::1 - - [10/Feb/2024:07:14:21 +0200] "GET / HTTP/1.1" 200 3491
::1 - - [10/Feb/2024:07:14:21 +0200] "GET /favicon.ico HTTP/1.1" 200 22
::1 - - [10/Feb/2024:07:17:01 +0200] "GET / HTTP/1.1" 200 3496
::1 - - [10/Feb/2024:07:17:01 +0200] "GET /favicon.ico HTTP/1.1" 200 22
::1 - - [10/Feb/2024:07:17:04 +0200] "GET /regexp HTTP/1.1" 200 4810
::1 - - [10/Feb/2024:07:17:04 +0200] "GET /favicon.ico HTTP/1.1" 200 22
::1 - - [10/Feb/2024:07:17:05 +0200] "GET /layout HTTP/1.1" 200 2857
::1 - - [10/Feb/2024:07:17:05 +0200] "GET /favicon.ico HTTP/1.1" 200 22
::1 - - [10/Feb/2024:07:17:06 +0200] "GET /basics HTTP/1.1" 200 3115
::1 - - [10/Feb/2024:07:17:06 +0200] "GET /favicon.ico HTTP/1.1" 200 22
::1 - - [10/Feb/2024:07:17:06 +0200] "GET /layout HTTP/1.1" 200 2857
::1 - - [10/Feb/2024:07:17:06 +0200] "GET /favicon.ico HTTP/1.1" 200 22
::1 - - [10/Feb/2024:07:17:08 +0200] "GET /regexp HTTP/1.1" 200 4810
::1 - - [10/Feb/2024:07:17:08 +0200] "GET /favicon.ico HTTP/1.1" 200 22
::1 - - [10/Feb/2024:07:20:25 +0200] "GET /regexp HTTP/1.1" 200 4815
::1 - - [10/Feb/2024:07:20:25 +0200] "GET /favicon.ico HTTP/1.1" 200 22
::1 - - [10/Feb/2024:07:20:58 +0200] "GET /regexp HTTP/1.1" 200 4820
::1 - - [10/Feb/2024:07:20:58 +0200] "GET /favicon.ico HTTP/1.1" 200 22
::1 - - [10/Feb/2024:07:22:09 +0200] "GET /regexp HTTP/1.1" 200 4910
::1 - - [10/Feb/2024:07:22:09 +0200] "GET /favicon.ico HTTP/1.1" 200 22
::1 - - [10/Feb/2024:07:23:05 +0200] "GET /regexp HTTP/1.1" 200 4925
::1 - - [10/Feb/2024:07:23:05 +0200] "GET /favicon.ico HTTP/1.1" 200 22
::1 - - [10/Feb/2024:07:23:47 +0200] "GET /regexp HTTP/1.1" 200 5001
::1 - - [10/Feb/2024:07:23:47 +0200] "GET /favicon.ico HTTP/1.1" 200 22
::1 - - [10/Feb/2024:07:23:59 +0200] "GET /layout HTTP/1.1" 200 2857
::1 - - [10/Feb/2024:07:23:59 +0200] "GET /favicon.ico HTTP/1.1" 200 22
::1 - - [10/Feb/2024:07:24:00 +0200] "GET /basics HTTP/1.1" 200 3115
::1 - - [10/Feb/2024:07:24:00 +0200] "GET /favicon.ico HTTP/1.1" 200 22
::1 - - [10/Feb/2024:07:24:04 +0200] "GET / HTTP/1.1" 200 3496
::1 - - [10/Feb/2024:07:24:04 +0200] "GET /favicon.ico HTTP/1.1" 200 22
::1 - - [10/Feb/2024:07:24:07 +0200] "GET /layout HTTP/1.1" 200 2857
::1 - - [10/Feb/2024:07:24:07 +0200] "GET /favicon.ico HTTP/1.1" 200 22
::1 - - [10/Feb/2024:07:24:08 +0200] "GET /regexp HTTP/1.1" 200 5001
::1 - - [10/Feb/2024:07:24:08 +0200] "GET /favicon.ico HTTP/1.1" 200 22
::1 - - [10/Feb/2024:07:25:24 +0200] "GET /regexp HTTP/1.1" 200 5026
::1 - - [10/Feb/2024:07:25:24 +0200] "GET /favicon.ico HTTP/1.1" 200 22
::1 - - [10/Feb/2024:07:25:49 +0200] "GET /regexp HTTP/1.1" 200 5026
::1 - - [10/Feb/2024:07:25:49 +0200] "GET /favicon.ico HTTP/1.1" 200 22
::1 - - [10/Feb/2024:07:25:56 +0200] "GET /regexp HTTP/1.1" 200 5024
::1 - - [10/Feb/2024:07:25:56 +0200] "GET /favicon.ico HTTP/1.1" 200 22
::1 - - [10/Feb/2024:07:26:45 +0200] "GET /regexp HTTP/1.1" 200 5031
::1 - - [10/Feb/2024:07:26:45 +0200] "GET /favicon.ico HTTP/1.1" 200 22
::1 - - [10/Feb/2024:07:26:46 +0200] "GET /regexp HTTP/1.1" 200 5031
::1 - - [10/Feb/2024:07:26:46 +0200] "GET /favicon.ico HTTP/1.1" 200 22
::1 - - [10/Feb/2024:07:27:00 +0200] "GET /regexp HTTP/1.1" 200 5023
::1 - - [10/Feb/2024:07:27:00 +0200] "GET /favicon.ico HTTP/1.1" 200 22
::1 - - [10/Feb/2024:07:27:21 +0200] "GET /regexp HTTP/1.1" 200 5009
::1 - - [10/Feb/2024:07:27:21 +0200] "GET /favicon.ico HTTP/1.1" 200 22
::1 - - [10/Feb/2024:07:27:40 +0200] "GET /regexp HTTP/1.1" 200 5023
::1 - - [10/Feb/2024:07:27:41 +0200] "GET /favicon.ico HTTP/1.1" 200 22
::1 - - [10/Feb/2024:07:27:44 +0200] "GET /layout HTTP/1.1" 200 2857
::1 - - [10/Feb/2024:07:27:44 +0200] "GET /favicon.ico HTTP/1.1" 200 22
::1 - - [10/Feb/2024:07:27:45 +0200] "GET /basics HTTP/1.1" 200 3115
::1 - - [10/Feb/2024:07:27:45 +0200] "GET /favicon.ico HTTP/1.1" 200 22
