[Fri Feb 09 11:41:06.859272 2024] [php:warn] [pid 31344:tid 1972] [client ::1:54605] PHP Warning:  include(layout.php): Failed to open stream: No such file or directory in C:\\Users\\Gerasimenko\\source\\repos\\PHP-DZ\\_layout.php on line 30, referer: http://php-dz.loc/basics
[Fri Feb 09 11:41:06.859272 2024] [php:warn] [pid 31344:tid 1972] [client ::1:54605] PHP Warning:  include(): Failed opening 'layout.php' for inclusion (include_path='C:\\xampp\\php\\PEAR') in C:\\Users\\Gerasimenko\\source\\repos\\PHP-DZ\\_layout.php on line 30, referer: http://php-dz.loc/basics
[Fri Feb 09 11:44:48.311644 2024] [php:warn] [pid 31344:tid 1972] [client ::1:54625] PHP Warning:  include(layout.php): Failed to open stream: No such file or directory in C:\\Users\\Gerasimenko\\source\\repos\\PHP-DZ\\_layout.php on line 30, referer: http://php-dz.loc/basics
[Fri Feb 09 11:44:48.312602 2024] [php:warn] [pid 31344:tid 1972] [client ::1:54625] PHP Warning:  include(): Failed opening 'layout.php' for inclusion (include_path='C:\\xampp\\php\\PEAR') in C:\\Users\\Gerasimenko\\source\\repos\\PHP-DZ\\_layout.php on line 30, referer: http://php-dz.loc/basics
[Fri Feb 09 11:46:11.579267 2024] [php:warn] [pid 31344:tid 1968] [client ::1:54632] PHP Warning:  include(layout.php): Failed to open stream: No such file or directory in C:\\Users\\Gerasimenko\\source\\repos\\PHP-DZ\\_layout.php on line 30, referer: http://php-dz.loc/basics
[Fri Feb 09 11:46:11.579267 2024] [php:warn] [pid 31344:tid 1968] [client ::1:54632] PHP Warning:  include(): Failed opening 'layout.php' for inclusion (include_path='C:\\xampp\\php\\PEAR') in C:\\Users\\Gerasimenko\\source\\repos\\PHP-DZ\\_layout.php on line 30, referer: http://php-dz.loc/basics
[Fri Feb 09 11:47:38.983153 2024] [php:error] [pid 31344:tid 1972] [client ::1:54636] PHP Parse error:  syntax error, unexpected single-quoted string "/regexp", expecting "]" in C:\\Users\\Gerasimenko\\source\\repos\\PHP-DZ\\_layout.php on line 22, referer: http://php-dz.loc/basics
[Fri Feb 09 11:48:44.604491 2024] [php:error] [pid 23408:tid 1956] [client ::1:54649] PHP Parse error:  syntax error, unexpected single-quoted string "/regexp", expecting "]" in C:\\Users\\Gerasimenko\\source\\repos\\PHP-DZ\\_layout.php on line 22, referer: http://php-dz.loc/basics
[Fri Feb 09 11:48:45.510612 2024] [php:error] [pid 23408:tid 1956] [client ::1:54649] PHP Parse error:  syntax error, unexpected single-quoted string "/regexp", expecting "]" in C:\\Users\\Gerasimenko\\source\\repos\\PHP-DZ\\_layout.php on line 22, referer: http://php-dz.loc/basics
[Fri Feb 09 11:48:49.527965 2024] [php:error] [pid 23408:tid 1956] [client ::1:54649] PHP Parse error:  syntax error, unexpected single-quoted string "/regexp", expecting "]" in C:\\Users\\Gerasimenko\\source\\repos\\PHP-DZ\\_layout.php on line 22
[Fri Feb 09 11:48:51.987543 2024] [php:error] [pid 23408:tid 1956] [client ::1:54649] PHP Parse error:  syntax error, unexpected single-quoted string "/regexp", expecting "]" in C:\\Users\\Gerasimenko\\source\\repos\\PHP-DZ\\_layout.php on line 22
[Fri Feb 09 11:49:01.646721 2024] [php:error] [pid 3284:tid 1972] [client ::1:54653] PHP Parse error:  syntax error, unexpected single-quoted string "/regexp", expecting "]" in C:\\Users\\Gerasimenko\\source\\repos\\PHP-DZ\\_layout.php on line 22
[Fri Feb 09 11:49:02.320360 2024] [php:error] [pid 3284:tid 1972] [client ::1:54653] PHP Parse error:  syntax error, unexpected single-quoted string "/regexp", expecting "]" in C:\\Users\\Gerasimenko\\source\\repos\\PHP-DZ\\_layout.php on line 22
[Fri Feb 09 11:49:02.511813 2024] [php:error] [pid 3284:tid 1972] [client ::1:54653] PHP Parse error:  syntax error, unexpected single-quoted string "/regexp", expecting "]" in C:\\Users\\Gerasimenko\\source\\repos\\PHP-DZ\\_layout.php on line 22
[Fri Feb 09 11:50:55.369035 2024] [php:error] [pid 3284:tid 1968] [client ::1:54660] PHP Parse error:  syntax error, unexpected single-quoted string "/regexp", expecting "]" in C:\\Users\\Gerasimenko\\source\\repos\\PHP-DZ\\_layout.php on line 22
[Fri Feb 09 11:51:28.894524 2024] [php:error] [pid 3284:tid 1972] [client ::1:54661] PHP Parse error:  syntax error, unexpected single-quoted string "/regexp", expecting "]" in C:\\Users\\Gerasimenko\\source\\repos\\PHP-DZ\\_layout.php on line 22
[Fri Feb 09 11:52:26.394878 2024] [php:warn] [pid 3284:tid 1968] [client ::1:54663] PHP Warning:  include(layout.php): Failed to open stream: No such file or directory in C:\\Users\\Gerasimenko\\source\\repos\\PHP-DZ\\_layout.php on line 31, referer: http://php-dz.loc/regexp
[Fri Feb 09 11:52:26.398076 2024] [php:warn] [pid 3284:tid 1968] [client ::1:54663] PHP Warning:  include(): Failed opening 'layout.php' for inclusion (include_path='C:\\xampp\\php\\PEAR') in C:\\Users\\Gerasimenko\\source\\repos\\PHP-DZ\\_layout.php on line 31, referer: http://php-dz.loc/regexp
[Fri Feb 09 11:52:28.089616 2024] [php:warn] [pid 3284:tid 1968] [client ::1:54663] PHP Warning:  include(layout.php): Failed to open stream: No such file or directory in C:\\Users\\Gerasimenko\\source\\repos\\PHP-DZ\\_layout.php on line 31, referer: http://php-dz.loc/basics
[Fri Feb 09 11:52:28.089616 2024] [php:warn] [pid 3284:tid 1968] [client ::1:54663] PHP Warning:  include(): Failed opening 'layout.php' for inclusion (include_path='C:\\xampp\\php\\PEAR') in C:\\Users\\Gerasimenko\\source\\repos\\PHP-DZ\\_layout.php on line 31, referer: http://php-dz.loc/basics
[Fri Feb 09 11:52:30.641867 2024] [php:warn] [pid 3284:tid 1968] [client ::1:54663] PHP Warning:  include(layout.php): Failed to open stream: No such file or directory in C:\\Users\\Gerasimenko\\source\\repos\\PHP-DZ\\_layout.php on line 31, referer: http://php-dz.loc/regexp
[Fri Feb 09 11:52:30.642390 2024] [php:warn] [pid 3284:tid 1968] [client ::1:54663] PHP Warning:  include(): Failed opening 'layout.php' for inclusion (include_path='C:\\xampp\\php\\PEAR') in C:\\Users\\Gerasimenko\\source\\repos\\PHP-DZ\\_layout.php on line 31, referer: http://php-dz.loc/regexp
[Fri Feb 09 11:52:42.548200 2024] [php:warn] [pid 3284:tid 1968] [client ::1:54663] PHP Warning:  include(layout.php): Failed to open stream: No such file or directory in C:\\Users\\Gerasimenko\\source\\repos\\PHP-DZ\\_layout.php on line 31, referer: http://php-dz.loc/regexp
[Fri Feb 09 11:52:42.548200 2024] [php:warn] [pid 3284:tid 1968] [client ::1:54663] PHP Warning:  include(): Failed opening 'layout.php' for inclusion (include_path='C:\\xampp\\php\\PEAR') in C:\\Users\\Gerasimenko\\source\\repos\\PHP-DZ\\_layout.php on line 31, referer: http://php-dz.loc/regexp
[Fri Feb 09 11:53:52.585496 2024] [php:warn] [pid 3284:tid 1972] [client ::1:54717] PHP Warning:  include(layout.php): Failed to open stream: No such file or directory in C:\\Users\\Gerasimenko\\source\\repos\\PHP-DZ\\_layout.php on line 31, referer: http://php-dz.loc/regexp
[Fri Feb 09 11:53:52.585496 2024] [php:warn] [pid 3284:tid 1972] [client ::1:54717] PHP Warning:  include(): Failed opening 'layout.php' for inclusion (include_path='C:\\xampp\\php\\PEAR') in C:\\Users\\Gerasimenko\\source\\repos\\PHP-DZ\\_layout.php on line 31, referer: http://php-dz.loc/regexp
[Fri Feb 09 11:53:54.296259 2024] [php:warn] [pid 3284:tid 1972] [client ::1:54717] PHP Warning:  include(layout.php): Failed to open stream: No such file or directory in C:\\Users\\Gerasimenko\\source\\repos\\PHP-DZ\\_layout.php on line 31, referer: http://php-dz.loc/basics
[Fri Feb 09 11:53:54.297261 2024] [php:warn] [pid 3284:tid 1972] [client ::1:54717] PHP Warning:  include(): Failed opening 'layout.php' for inclusion (include_path='C:\\xampp\\php\\PEAR') in C:\\Users\\Gerasimenko\\source\\repos\\PHP-DZ\\_layout.php on line 31, referer: http://php-dz.loc/basics
[Fri Feb 09 11:54:02.220360 2024] [php:warn] [pid 3284:tid 1972] [client ::1:54717] PHP Warning:  include(layout.php): Failed to open stream: No such file or directory in C:\\Users\\Gerasimenko\\source\\repos\\PHP-DZ\\_layout.php on line 31, referer: http://php-dz.loc/basics
[Fri Feb 09 11:54:02.220360 2024] [php:warn] [pid 3284:tid 1972] [client ::1:54717] PHP Warning:  include(): Failed opening 'layout.php' for inclusion (include_path='C:\\xampp\\php\\PEAR') in C:\\Users\\Gerasimenko\\source\\repos\\PHP-DZ\\_layout.php on line 31, referer: http://php-dz.loc/basics
